<?xml version="1.0" encoding="UTF-8"?>
<!-- Generated by org.testng.reporters.JUnitXMLReporter -->
<testsuite ignored="0" hostname="DESKTOP-0J0IQEU" failures="0" tests="4" name="Test" time="23.275" errors="0" timestamp="2022-06-16T13:38:06 EDT">
  <testcase classname="meetpatel.Mavenjava.RESTAPITest" name="PostJira" time="0.006"/>
  <testcase classname="meetpatel.Mavenjava.RESTAPITest" name="deleteTwiter" time="0.0"/>
  <testcase classname="meetpatel.Mavenjava.SeleniumTest" name="BrowserAutomation" time="23.199"/>
  <testcase classname="meetpatel.Mavenjava.SeleniumTest" name="ElementsUI" time="0.001"/>
</testsuite> <!-- Test -->
