<?xml version="1.0" encoding="UTF-8"?>
<testng-results ignored="0" total="4" passed="4" failed="0" skipped="0">
  <reporter-output>
  </reporter-output>
  <suite started-at="2022-06-16T13:37:43 EDT" name="Suite" finished-at="2022-06-16T13:38:06 EDT" duration-ms="23275">
    <groups>
    </groups>
    <test started-at="2022-06-16T13:37:43 EDT" name="Test" finished-at="2022-06-16T13:38:06 EDT" duration-ms="23275">
      <class name="meetpatel.Mavenjava.SeleniumTest">
        <test-method signature="BrowserAutomation()[pri:0, instance:meetpatel.Mavenjava.SeleniumTest@6eda5c9]" started-at="2022-06-16T13:37:43 EDT" name="BrowserAutomation" finished-at="2022-06-16T13:38:06 EDT" duration-ms="23199" status="PASS">
          <reporter-output>
          </reporter-output>
        </test-method> <!-- BrowserAutomation -->
        <test-method signature="ElementsUI()[pri:0, instance:meetpatel.Mavenjava.SeleniumTest@6eda5c9]" started-at="2022-06-16T13:38:06 EDT" name="ElementsUI" finished-at="2022-06-16T13:38:06 EDT" duration-ms="1" status="PASS">
          <reporter-output>
          </reporter-output>
        </test-method> <!-- ElementsUI -->
      </class> <!-- meetpatel.Mavenjava.SeleniumTest -->
      <class name="meetpatel.Mavenjava.RESTAPITest">
        <test-method signature="PostJira()[pri:0, instance:meetpatel.Mavenjava.RESTAPITest@2f7298b]" started-at="2022-06-16T13:37:43 EDT" name="PostJira" finished-at="2022-06-16T13:37:43 EDT" duration-ms="6" status="PASS">
          <reporter-output>
          </reporter-output>
        </test-method> <!-- PostJira -->
        <test-method signature="deleteTwiter()[pri:0, instance:meetpatel.Mavenjava.RESTAPITest@2f7298b]" started-at="2022-06-16T13:37:43 EDT" name="deleteTwiter" finished-at="2022-06-16T13:37:43 EDT" duration-ms="0" status="PASS">
          <reporter-output>
          </reporter-output>
        </test-method> <!-- deleteTwiter -->
      </class> <!-- meetpatel.Mavenjava.RESTAPITest -->
    </test> <!-- Test -->
  </suite> <!-- Suite -->
</testng-results>
